<?xml version="1.0" encoding="UTF-8"?>
<!-- Generated by org.testng.reporters.JUnitReportReporter -->
<testsuite skipped="0" hostname="SAJID-KHAN" name="RestAssured.RestAssured.DemoRail" tests="1" failures="0" timestamp="2021-10-13T23:50:16 IST" time="4.873" errors="0">
  <testcase name="delete" time="4.873" classname="RestAssured.RestAssured.DemoRail"/>
  <system-out/>
</testsuite> <!-- RestAssured.RestAssured.DemoRail -->
