<?xml version="1.0" encoding="UTF-8"?>
<!-- Generated by org.testng.reporters.JUnitReportReporter -->
<testsuite skipped="0" hostname="SAJID-KHAN" name="RestAssured.RestAssured.Basic" tests="2" failures="0" timestamp="2021-10-09T14:10:10 IST" time="8.839" errors="0">
  <testcase name="verifyGet" time="7.126" classname="RestAssured.RestAssured.Basic"/>
  <system-out/>
  <testcase name="verifyPost" time="1.713" classname="RestAssured.RestAssured.Basic"/>
  <system-out/>
</testsuite> <!-- RestAssured.RestAssured.Basic -->
