<?xml version="1.0" encoding="UTF-8"?>
<!-- Generated by org.testng.reporters.JUnitReportReporter -->
<testsuite skipped="0" hostname="SAJID-KHAN" name="RestAssured.RestAssured.AppTest" tests="4" failures="0" timestamp="2021-10-09T10:25:02 IST" time="4.962" errors="0">
  <testcase name="post" time="3.945" classname="RestAssured.RestAssured.AppTest"/>
  <system-out/>
  <testcase name="get" time="0.741" classname="RestAssured.RestAssured.AppTest"/>
  <system-out/>
  <testcase name="put" time="0.175" classname="RestAssured.RestAssured.AppTest"/>
  <system-out/>
  <testcase name="delete" time="0.101" classname="RestAssured.RestAssured.AppTest"/>
  <system-out/>
</testsuite> <!-- RestAssured.RestAssured.AppTest -->
