<?xml version="1.0" encoding="UTF-8"?>
<!-- Generated by org.testng.reporters.JUnitReportReporter -->
<testsuite skipped="0" hostname="SAJID-KHAN" name="RestAssured.RestAssured.DemoPostman" tests="5" failures="0" timestamp="2021-10-13T11:45:44 IST" time="9.105" errors="0">
  <testcase name="verifyDelete" time="5.018" classname="RestAssured.RestAssured.DemoPostman"/>
  <system-out/>
  <testcase name="verifyPost" time="0.862" classname="RestAssured.RestAssured.DemoPostman"/>
  <system-out/>
  <testcase name="verifyGet" time="2.106" classname="RestAssured.RestAssured.DemoPostman"/>
  <system-out/>
  <testcase name="verifyPut" time="0.550" classname="RestAssured.RestAssured.DemoPostman"/>
  <system-out/>
  <testcase name="verifyPatch" time="0.569" classname="RestAssured.RestAssured.DemoPostman"/>
  <system-out/>
</testsuite> <!-- RestAssured.RestAssured.DemoPostman -->
