<?xml version="1.0" encoding="UTF-8"?>
<!-- Generated by org.testng.reporters.JUnitReportReporter -->
<testsuite skipped="0" hostname="SAJID-KHAN" name="RestAssured.RestAssured.AppTest" tests="1" failures="0" timestamp="2021-10-08T16:37:01 IST" time="5.594" errors="0">
  <testcase name="get" time="5.594" classname="RestAssured.RestAssured.AppTest"/>
  <system-out/>
</testsuite> <!-- RestAssured.RestAssured.AppTest -->
