<?xml version="1.0" encoding="UTF-8"?>
<!-- Generated by org.testng.reporters.JUnitReportReporter -->
<testsuite skipped="0" hostname="SAJID-KHAN" name="RestAssured.RestAssured.Basic" tests="2" failures="0" timestamp="2021-10-13T11:10:14 IST" time="11.057" errors="0">
  <testcase name="verifyPost" time="7.455" classname="RestAssured.RestAssured.Basic"/>
  <system-out/>
  <testcase name="verifyGet" time="3.602" classname="RestAssured.RestAssured.Basic"/>
  <system-out/>
</testsuite> <!-- RestAssured.RestAssured.Basic -->
